Running experiment on cifar100 with padding, and prompt size 50,
usage: Visual Prompting for CLIP [-h] [--print_freq PRINT_FREQ]
                                 [--save_freq SAVE_FREQ]
                                 [--batch_size BATCH_SIZE]
                                 [--num_workers NUM_WORKERS] [--epochs EPOCHS]
                                 [--square_size SQUARE_SIZE] [--optim OPTIM]
                                 [--learning_rate LEARNING_RATE]
                                 [--weight_decay WEIGHT_DECAY]
                                 [--warmup WARMUP] [--momentum MOMENTUM]
                                 [--patience PATIENCE] [--model MODEL]
                                 [--arch ARCH]
                                 [--method {padding,random_patch,fixed_patch,inverse_padding}]
                                 [--prompt_size PROMPT_SIZE]
                                 [--text_prompt_template TEXT_PROMPT_TEMPLATE]
                                 [--visualize_prompt] [--root ROOT]
                                 [--dataset DATASET] [--image_size IMAGE_SIZE]
                                 [--test_noise] [--seed SEED]
                                 [--model_dir MODEL_DIR]
                                 [--image_dir IMAGE_DIR] [--filename FILENAME]
                                 [--trial TRIAL] [--resume RESUME]
                                 [--evaluate] [--gpu GPU] [--use_wandb]
Visual Prompting for CLIP: error: argument --method: invalid choice: 'padding,' (choose from 'padding', 'random_patch', 'fixed_patch', 'inverse_padding')
Running experiment on cifar100 with inverse_padding and prompt size 80,
usage: Visual Prompting for CLIP [-h] [--print_freq PRINT_FREQ]
                                 [--save_freq SAVE_FREQ]
                                 [--batch_size BATCH_SIZE]
                                 [--num_workers NUM_WORKERS] [--epochs EPOCHS]
                                 [--square_size SQUARE_SIZE] [--optim OPTIM]
                                 [--learning_rate LEARNING_RATE]
                                 [--weight_decay WEIGHT_DECAY]
                                 [--warmup WARMUP] [--momentum MOMENTUM]
                                 [--patience PATIENCE] [--model MODEL]
                                 [--arch ARCH]
                                 [--method {padding,random_patch,fixed_patch,inverse_padding}]
                                 [--prompt_size PROMPT_SIZE]
                                 [--text_prompt_template TEXT_PROMPT_TEMPLATE]
                                 [--visualize_prompt] [--root ROOT]
                                 [--dataset DATASET] [--image_size IMAGE_SIZE]
                                 [--test_noise] [--seed SEED]
                                 [--model_dir MODEL_DIR]
                                 [--image_dir IMAGE_DIR] [--filename FILENAME]
                                 [--trial TRIAL] [--resume RESUME]
                                 [--evaluate] [--gpu GPU] [--use_wandb]
Visual Prompting for CLIP: error: argument --prompt_size: invalid int value: '80,'
